#
# There is insufficient memory for the Java Runtime Environment to continue.
# Native memory allocation (mmap) failed to map 400556032 bytes for Failed to commit area from 0x0000000682200000 to 0x000000069a000000 of length 400556032.
# Possible reasons:
#   The system is out of physical RAM or swap space
#   The process is running with CompressedOops enabled, and the Java Heap may be blocking the growth of the native heap
# Possible solutions:
#   Reduce memory load on the system
#   Increase physical memory or swap space
#   Check if swap backing store is full
#   Decrease Java heap size (-Xmx/-Xms)
#   Decrease number of Java threads
#   Decrease Java thread stack sizes (-Xss)
#   Set larger code cache with -XX:ReservedCodeCacheSize=
# This output file may be truncated or incomplete.
#
#  Out of Memory Error (./src/hotspot/os/windows/os_windows.cpp:3619), pid=30308, tid=31752
#
# JRE version:  (11.0.13+7) (build )
# Java VM: OpenJDK 64-Bit Server VM (11.0.13+7-b1751.21, mixed mode, sharing, tiered, compressed oops, g1 gc, windows-amd64)
# No core dump will be written. Minidumps are not enabled by default on client versions of Windows
#

---------------  S U M M A R Y ------------

Command Line: git4idea.http.GitAskPassApp Username for 'https://github.com': 

Host: Intel(R) Core(TM) i5-9400 CPU @ 2.90GHz, 6 cores, 23G,  Windows 11 , 64 bit Build 22000 (10.0.22000.1219)
Time: Sun Dec 11 14:27:59 2022 Iran Standard Time elapsed time: 0.101253 seconds (0d 0h 0m 0s)

---------------  T H R E A D  ---------------

Current thread (0x000001f125712000):  JavaThread "Unknown thread" [_thread_in_vm, id=31752, stack(0x000000865f400000,0x000000865f500000)]

Stack: [0x000000865f400000,0x000000865f500000]
Native frames: (J=compiled Java code, j=interpreted, Vv=VM code, C=native code)
V  [jvm.dll+0x613daa]
V  [jvm.dll+0x799b30]
V  [jvm.dll+0x79b14d]
V  [jvm.dll+0x79b823]
V  [jvm.dll+0x24c958]
V  [jvm.dll+0x610e24]
V  [jvm.dll+0x605b25]
V  [jvm.dll+0x30aaab]
V  [jvm.dll+0x30aa1a]
V  [jvm.dll+0x30a8f2]
V  [jvm.dll+0x30f856]
V  [jvm.dll+0x359143]
V  [jvm.dll+0x359846]
V  [jvm.dll+0x359243]
V  [jvm.dll+0x2e57a8]
V  [jvm.dll+0x2e6947]
V  [jvm.dll+0x776d47]
V  [jvm.dll+0x77853c]
V  [jvm.dll+0x3666c9]
V  [jvm.dll+0x75a9ce]
V  [jvm.dll+0x3d47d3]
V  [jvm.dll+0x3d6d21]
C  [jli.dll+0x536b]
C  [ucrtbase.dll+0x26c0c]
C  [KERNEL32.DLL+0x15550]
C  [ntdll.dll+0x485b]


---------------  P R O C E S S  ---------------

Threads class SMR info:
_java_thread_list=0x000001f1254f5070, length=0, elements={
}

Java Threads: ( => current thread )

Other Threads:
  0x000001f12572b800 GCTaskThread "GC Thread#0" [stack: 0x000000865f500000,0x000000865f600000] [id=17904]
  0x000001f1257b2000 ConcurrentGCThread "G1 Main Marker" [stack: 0x000000865f600000,0x000000865f700000] [id=21264]
  0x000001f1257b5000 ConcurrentGCThread "G1 Conc#0" [stack: 0x000000865f700000,0x000000865f800000] [id=27036]

[error occurred during error reporting (printing all threads), id 0xc0000005, EXCEPTION_ACCESS_VIOLATION (0xc0000005) at pc=0x00007ffceb6b5c97]

VM state:not at safepoint (not fully initialized)

VM Mutex/Monitor currently owned by a thread:  ([mutex/lock_event])
[0x000001f12570edb0] Heap_lock - owner thread: 0x000001f125712000

Heap address: 0x0000000682200000, size: 6110 MB, Compressed Oops mode: Non-zero based: 0x0000000682200000
Narrow klass base: 0x0000000000000000, Narrow klass shift: 0

GC Heap History (0 events):
No events

Deoptimization events (0 events):
No events

Classes redefined (0 events):
No events

Internal exceptions (0 events):
No events

Events (1 events):
Event: 0.005 Loaded shared library D:\dev\IntelliJ_IDEA_2021.3.1\jbr\bin\zip.dll


Dynamic libraries:
0x00007ff652d00000 - 0x00007ff652d0a000 	D:\dev\IntelliJ_IDEA_2021.3.1\jbr\bin\java.exe
0x00007ffd6a900000 - 0x00007ffd6ab09000 	C:\Windows\SYSTEM32\ntdll.dll
0x00007ffd69da0000 - 0x00007ffd69e5e000 	C:\Windows\System32\KERNEL32.DLL
0x00007ffd68190000 - 0x00007ffd6850b000 	C:\Windows\System32\KERNELBASE.dll
0x00007ffd68540000 - 0x00007ffd68651000 	C:\Windows\System32\ucrtbase.dll
0x00007ffd58050000 - 0x00007ffd58069000 	D:\dev\IntelliJ_IDEA_2021.3.1\jbr\bin\jli.dll
0x00007ffd573c0000 - 0x00007ffd573d7000 	D:\dev\IntelliJ_IDEA_2021.3.1\jbr\bin\VCRUNTIME140.dll
0x00007ffd693e0000 - 0x00007ffd6958d000 	C:\Windows\System32\USER32.dll
0x00007ffd51120000 - 0x00007ffd513c5000 	C:\Windows\WinSxS\amd64_microsoft.windows.common-controls_6595b64144ccf1df_6.0.22000.120_none_9d947278b86cc467\COMCTL32.dll
0x00007ffd68510000 - 0x00007ffd68536000 	C:\Windows\System32\win32u.dll
0x00007ffd68780000 - 0x00007ffd68823000 	C:\Windows\System32\msvcrt.dll
0x00007ffd69f30000 - 0x00007ffd69f59000 	C:\Windows\System32\GDI32.dll
0x00007ffd68660000 - 0x00007ffd68778000 	C:\Windows\System32\gdi32full.dll
0x00007ffd680f0000 - 0x00007ffd6818d000 	C:\Windows\System32\msvcp_win.dll
0x00007ffd69f60000 - 0x00007ffd69f92000 	C:\Windows\System32\IMM32.DLL
0x00007ffd4ef50000 - 0x00007ffd4efed000 	D:\dev\IntelliJ_IDEA_2021.3.1\jbr\bin\msvcp140.dll
0x00007ffceb3c0000 - 0x00007ffcebf36000 	D:\dev\IntelliJ_IDEA_2021.3.1\jbr\bin\server\jvm.dll
0x00007ffd68b70000 - 0x00007ffd68c1e000 	C:\Windows\System32\ADVAPI32.dll
0x00007ffd69790000 - 0x00007ffd6982e000 	C:\Windows\System32\sechost.dll
0x00007ffd68a50000 - 0x00007ffd68b70000 	C:\Windows\System32\RPCRT4.dll
0x00007ffd69d90000 - 0x00007ffd69d98000 	C:\Windows\System32\PSAPI.DLL
0x00007ffd58850000 - 0x00007ffd58859000 	C:\Windows\SYSTEM32\WSOCK32.dll
0x00007ffd62960000 - 0x00007ffd62993000 	C:\Windows\SYSTEM32\WINMM.dll
0x00007ffd61b70000 - 0x00007ffd61b7a000 	C:\Windows\SYSTEM32\VERSION.dll
0x00007ffd698b0000 - 0x00007ffd6991f000 	C:\Windows\System32\WS2_32.dll
0x00007ffd66e10000 - 0x00007ffd66e28000 	C:\Windows\SYSTEM32\kernel.appcore.dll
0x00007ffd58830000 - 0x00007ffd58841000 	D:\dev\IntelliJ_IDEA_2021.3.1\jbr\bin\verify.dll
0x00007ffd54720000 - 0x00007ffd54941000 	C:\Windows\SYSTEM32\DBGHELP.DLL
0x00007ffd546e0000 - 0x00007ffd54711000 	C:\Windows\SYSTEM32\dbgcore.DLL
0x00007ffd67dd0000 - 0x00007ffd67e4f000 	C:\Windows\System32\bcryptPrimitives.dll
0x00007ffd58070000 - 0x00007ffd58099000 	D:\dev\IntelliJ_IDEA_2021.3.1\jbr\bin\java.dll
0x00007ffd58400000 - 0x00007ffd5840b000 	D:\dev\IntelliJ_IDEA_2021.3.1\jbr\bin\jimage.dll
0x00007ffd58030000 - 0x00007ffd58048000 	D:\dev\IntelliJ_IDEA_2021.3.1\jbr\bin\zip.dll

dbghelp: loaded successfully - version: 4.0.5 - missing functions: none
symbol engine: initialized successfully - sym options: 0x614 - pdb path: .;D:\dev\IntelliJ_IDEA_2021.3.1\jbr\bin;C:\Windows\SYSTEM32;C:\Windows\WinSxS\amd64_microsoft.windows.common-controls_6595b64144ccf1df_6.0.22000.120_none_9d947278b86cc467;D:\dev\IntelliJ_IDEA_2021.3.1\jbr\bin\server

VM Arguments:
java_command: git4idea.http.GitAskPassApp Username for 'https://github.com': 
java_class_path (initial): D:/dev/IntelliJ_IDEA_2021.3.1/plugins/git4idea/lib/git4idea-rt.jar;D:/dev/IntelliJ_IDEA_2021.3.1/lib/3rd-party.jar;D:/dev/IntelliJ_IDEA_2021.3.1/lib/3rd-party-rt.jar
Launcher Type: SUN_STANDARD

[Global flags]
     intx CICompilerCount                          = 3                                         {product} {ergonomic}
     uint ConcGCThreads                            = 2                                         {product} {ergonomic}
     uint G1ConcRefinementThreads                  = 6                                         {product} {ergonomic}
   size_t G1HeapRegionSize                         = 1048576                                   {product} {ergonomic}
    uintx GCDrainStackTargetSize                   = 64                                        {product} {ergonomic}
   size_t InitialHeapSize                          = 400556032                                 {product} {ergonomic}
   size_t MarkStackSize                            = 4194304                                   {product} {ergonomic}
   size_t MaxHeapSize                              = 6406799360                                {product} {ergonomic}
   size_t MinHeapDeltaBytes                        = 1048576                                   {product} {ergonomic}
    uintx NonNMethodCodeHeapSize                   = 5830732                                {pd product} {ergonomic}
    uintx NonProfiledCodeHeapSize                  = 122913754                              {pd product} {ergonomic}
    uintx ProfiledCodeHeapSize                     = 122913754                              {pd product} {ergonomic}
    uintx ReservedCodeCacheSize                    = 251658240                              {pd product} {ergonomic}
     bool SegmentedCodeCache                       = true                                      {product} {ergonomic}
     bool UseCompressedClassPointers               = true                                 {lp64_product} {ergonomic}
     bool UseCompressedOops                        = true                                 {lp64_product} {ergonomic}
     bool UseG1GC                                  = true                                      {product} {ergonomic}
     bool UseLargePagesIndividualAllocation        = false                                  {pd product} {ergonomic}

Logging:
Log output configuration:
 #0: stdout all=warning uptime,level,tags
 #1: stderr all=off uptime,level,tags

Environment Variables:
JAVA_HOME=D:\dev\jdk1.8.0_311
PATH=C:/Program Files/Git/mingw64/libexec/git-core;C:/Program Files/Git/mingw64/libexec/git-core;C:\Program Files\Git\mingw64\bin;C:\Program Files\Git\usr\bin;C:\Users\Fooad\bin;C:\Program Files (x86)\VMware\VMware Workstation\bin\;C:\Windows\system32;C:\Windows;C:\Windows\System32\Wbem;C:\Windows\System32\WindowsPowerShell\v1.0\;C:\Windows\System32\OpenSSH\;C:\Program Files\Git\cmd;D:\dev\jdk1.8.0_311\bin;C:\Program Files\Docker\Docker\resources\bin;C:\ProgramData\DockerDesktop\version-bin;D:\dev\apache-maven-3.6.1\bin;C:\Program Files\TortoiseSVN\bin;D:\dev\nodejs\;C:\Program Files\Java\jre1.8.0_341\bin;C:\instantclient_21_7;C:\Users\Fooad\AppData\Roaming\npm
USERNAME=Fooad
DISPLAY=:0.0
LC_ALL=en_US.UTF-8
OS=Windows_NT
PROCESSOR_IDENTIFIER=Intel64 Family 6 Model 158 Stepping 10, GenuineIntel



---------------  S Y S T E M  ---------------

OS: Windows 11 , 64 bit Build 22000 (10.0.22000.1219)
OS uptime: 5 days 2:49 hours
Hyper-V role detected

CPU:total 6 (initial active 6) (6 cores per cpu, 1 threads per core) family 6 model 158 stepping 10 microcode 0xde, cmov, cx8, fxsr, mmx, sse, sse2, sse3, ssse3, sse4.1, sse4.2, popcnt, avx, avx2, aes, clmul, erms, 3dnowpref, lzcnt, tsc, tscinvbit, bmi1, bmi2, adx, fma

Memory: 4k page, system-wide physical 24434M (2833M free)
TotalPageFile size 54146M (AvailPageFile size 351M)
current process WorkingSet (physical memory assigned to process): 10M, peak: 10M
current process commit charge ("private bytes"): 57M, peak: 439M

vm_info: OpenJDK 64-Bit Server VM (11.0.13+7-b1751.21) for windows-amd64 JRE (11.0.13+7-b1751.21), built on Nov 30 2021 02:32:50 by "" with MS VC++ 14.0 (VS2015)

END.
